<?xml version="1.0" encoding="UTF-8"?>
<!-- Generated by org.testng.reporters.JUnitXMLReporter -->
<testsuite ignored="0" hostname="Ikigai" failures="1" tests="8" name="FirefoxTest" time="201.109" errors="0" timestamp="2025-01-26T13:46:25 IST">
  <testcase classname="pages.HomePage" name="@AfterTest tearDown" time="0.0">
    <failure type="java.lang.Error" message="Unresolved compilation problems: 
	extent cannot be resolved to a variable
	extent cannot be resolved
">
      <![CDATA[java.lang.Error: Unresolved compilation problems: 
extent cannot be resolved to a variable
extent cannot be resolved

at pages.HomePage.tearDown(HomePage.java:486)
at java.base/java.util.concurrent.FutureTask.run(FutureTask.java:317)
at java.base/java.util.concurrent.ThreadPoolExecutor.runWorker(ThreadPoolExecutor.java:1144)
at java.base/java.util.concurrent.ThreadPoolExecutor$Worker.run(ThreadPoolExecutor.java:642)
at java.base/java.lang.Thread.run(Thread.java:1575)
... Removed 13 stack frames]]>
    </failure>
  </testcase> <!-- @AfterTest tearDown -->
  <testcase classname="pages.HomePage" name="@AfterTest tearDown" time="0.0">
    <failure type="java.lang.Error" message="Unresolved compilation problems: 
	extent cannot be resolved to a variable
	extent cannot be resolved
">
      <![CDATA[java.lang.Error: Unresolved compilation problems: 
extent cannot be resolved to a variable
extent cannot be resolved

at pages.HomePage.tearDown(HomePage.java:486)
at java.base/java.util.concurrent.FutureTask.run(FutureTask.java:317)
at java.base/java.util.concurrent.ThreadPoolExecutor.runWorker(ThreadPoolExecutor.java:1144)
at java.base/java.util.concurrent.ThreadPoolExecutor$Worker.run(ThreadPoolExecutor.java:642)
at java.base/java.lang.Thread.run(Thread.java:1575)
... Removed 13 stack frames]]>
    </failure>
  </testcase> <!-- @AfterTest tearDown -->
  <testcase classname="pages.HomePage" name="verifyHomePageSections" time="17.304"/>
  <testcase classname="pages.HomePage" name="testSearchBarFunctionality" time="5.952"/>
  <testcase classname="pages.HomePage" name="testUserRegistration" time="11.898"/>
  <testcase classname="pages.HomePage" name="testUserLogin" time="9.559"/>
  <testcase classname="pages.HomePage" name="testPasswordRecovery" time="31.662"/>
  <testcase classname="pages.HomePage" name="testNavigationToHealthPrograms" time="43.474"/>
  <testcase classname="pages.HomePage" name="testNavigationToServices" time="4.734"/>
  <testcase classname="pages.HomePage" name="testFormSubmmission" time="5.061">
    <failure type="org.openqa.selenium.ElementClickInterceptedException" message="Element &amp;lt;span class=&amp;quot;cog-button__text&amp;quot;&amp;gt; is not clickable at point (71,558) because another element &amp;lt;img class=&amp;quot;ui_w&amp;quot; src=&amp;quot;https://cdn.userway.org/widgetapp/images/body_wh.svg&amp;quot;&amp;gt; obscures it
Build info: version: &amp;apos;4.27.0&amp;apos;, revision: &amp;apos;d6e718d134&amp;apos;
System info: os.name: &amp;apos;Windows 10&amp;apos;, os.arch: &amp;apos;amd64&amp;apos;, os.version: &amp;apos;10.0&amp;apos;, java.version: &amp;apos;23.0.1&amp;apos;
Driver info: org.openqa.selenium.firefox.FirefoxDriver
Command: [f0a72959-360d-4800-80b3-f427adb294ba, clickElement {id=af822c8c-c1a0-486b-8db3-58c288dd1932}]
Capabilities {acceptInsecureCerts: true, browserName: firefox, browserVersion: 134.0.2, moz:accessibilityChecks: false, moz:buildID: 20250120135430, moz:debuggerAddress: 127.0.0.1:17705, moz:geckodriverVersion: 0.35.0, moz:headless: false, moz:platformVersion: 10.0, moz:processID: 13304, moz:profile: C:\Users\asus\AppData\Local..., moz:shutdownTimeout: 60000, moz:webdriverClick: true, moz:windowless: false, pageLoadStrategy: normal, platformName: windows, proxy: Proxy(), se:cdp: ws://127.0.0.1:17705/devtoo..., se:cdpVersion: 85.0, setWindowRect: true, strictFileInteractability: false, timeouts: {implicit: 0, pageLoad: 300000, script: 30000}, unhandledPromptBehavior: dismiss and notify, userAgent: Mozilla/5.0 (Windows NT 10....}
Element: [[FirefoxDriver: firefox on windows (f0a72959-360d-4800-80b3-f427adb294ba)] -&amp;gt; xpath: //span[@class=&amp;apos;cog-button__text&amp;apos;]]
Session ID: f0a72959-360d-4800-80b3-f427adb294ba">
      <![CDATA[org.openqa.selenium.ElementClickInterceptedException: Element <span class="cog-button__text"> is not clickable at point (71,558) because another element <img class="ui_w" src="https://cdn.userway.org/widgetapp/images/body_wh.svg"> obscures it
Build info: version: '4.27.0', revision: 'd6e718d134'
System info: os.name: 'Windows 10', os.arch: 'amd64', os.version: '10.0', java.version: '23.0.1'
Driver info: org.openqa.selenium.firefox.FirefoxDriver
Command: [f0a72959-360d-4800-80b3-f427adb294ba, clickElement {id=af822c8c-c1a0-486b-8db3-58c288dd1932}]
Capabilities {acceptInsecureCerts: true, browserName: firefox, browserVersion: 134.0.2, moz:accessibilityChecks: false, moz:buildID: 20250120135430, moz:debuggerAddress: 127.0.0.1:17705, moz:geckodriverVersion: 0.35.0, moz:headless: false, moz:platformVersion: 10.0, moz:processID: 13304, moz:profile: C:\Users\asus\AppData\Local..., moz:shutdownTimeout: 60000, moz:webdriverClick: true, moz:windowless: false, pageLoadStrategy: normal, platformName: windows, proxy: Proxy(), se:cdp: ws://127.0.0.1:17705/devtoo..., se:cdpVersion: 85.0, setWindowRect: true, strictFileInteractability: false, timeouts: {implicit: 0, pageLoad: 300000, script: 30000}, unhandledPromptBehavior: dismiss and notify, userAgent: Mozilla/5.0 (Windows NT 10....}
Element: [[FirefoxDriver: firefox on windows (f0a72959-360d-4800-80b3-f427adb294ba)] -> xpath: //span[@class='cog-button__text']]
Session ID: f0a72959-360d-4800-80b3-f427adb294ba
at org.openqa.selenium.remote.ErrorCodec.decode(ErrorCodec.java:167)
at org.openqa.selenium.remote.codec.w3c.W3CHttpResponseCodec.decode(W3CHttpResponseCodec.java:138)
at org.openqa.selenium.remote.codec.w3c.W3CHttpResponseCodec.decode(W3CHttpResponseCodec.java:50)
at org.openqa.selenium.remote.HttpCommandExecutor.execute(HttpCommandExecutor.java:190)
at org.openqa.selenium.remote.service.DriverCommandExecutor.invokeExecute(DriverCommandExecutor.java:216)
at org.openqa.selenium.remote.service.DriverCommandExecutor.execute(DriverCommandExecutor.java:174)
at org.openqa.selenium.remote.RemoteWebDriver.execute(RemoteWebDriver.java:545)
at org.openqa.selenium.remote.RemoteWebElement.execute(RemoteWebElement.java:223)
at org.openqa.selenium.remote.RemoteWebElement.click(RemoteWebElement.java:76)
at pages.HomePage.testFormSubmmission(HomePage.java:470)
at java.base/java.util.ArrayList.forEach(ArrayList.java:1597)
at java.base/java.util.concurrent.FutureTask.run(FutureTask.java:317)
at java.base/java.util.concurrent.ThreadPoolExecutor.runWorker(ThreadPoolExecutor.java:1144)
at java.base/java.util.concurrent.ThreadPoolExecutor$Worker.run(ThreadPoolExecutor.java:642)
at java.base/java.lang.Thread.run(Thread.java:1575)
... Removed 19 stack frames]]>
    </failure>
  </testcase> <!-- testFormSubmmission -->
</testsuite> <!-- FirefoxTest -->
